Cluster 2091 esta desconectado
Cluster 2091 caiu fora
entrou no usuario
url mongodb://localhost/ntalk
Ntalk no ar
Cluster 2199 conectado
[0mGET / [36m304 [0m1246.596 ms - -[0m
[0mGET /favicon.ico [33m404 [0m9.244 ms - 24[0m
[0mPOST /entrar [36m302 [0m3169.037 ms - 62[0m
[0mGET /contatos [32m200 [0m781.594 ms - 2150[0m
sessionID jrScoARCjcAbxc22ww-s5XCAMU2U6m32
accesso liberado
pegando usuario da sessao paulo
Cluster 2349 esta desconectado
Cluster 2349 caiu fora
entrou no usuario
url mongodb://localhost/ntalk
Ntalk no ar
Cluster 2403 conectado
sessionID jrScoARCjcAbxc22ww-s5XCAMU2U6m32
accesso liberado
pegando usuario da sessao paulo
[0mGET / [36m304 [0m240.045 ms - -[0m
